<?xml version="1.0" encoding="UTF-8"?>
<testsuite name="test.java.AnswerTest" tests="2" skipped="0" failures="0" errors="0" timestamp="2023-05-06T08:46:27" hostname="DESKTOP-28BMCPO" time="0.012">
  <properties/>
  <testcase name="testSetAnswerString()" classname="test.java.AnswerTest" time="0.012"/>
  <testcase name="testConstructor()" classname="test.java.AnswerTest" time="0.0"/>
  <system-out><![CDATA[]]></system-out>
  <system-err><![CDATA[]]></system-err>
</testsuite>
