<?xml version="1.0" encoding="UTF-8"?>
<testsuite name="test.java.QuestionTest" tests="3" skipped="0" failures="0" errors="0" timestamp="2023-05-06T08:46:27" hostname="DESKTOP-28BMCPO" time="0.001">
  <properties/>
  <testcase name="testSetQuestionString()" classname="test.java.QuestionTest" time="0.0"/>
  <testcase name="testQuestion()" classname="test.java.QuestionTest" time="0.0"/>
  <testcase name="testSetAnswerObject()" classname="test.java.QuestionTest" time="0.0"/>
  <system-out><![CDATA[]]></system-out>
  <system-err><![CDATA[]]></system-err>
</testsuite>
